{"/home/gabriel/Module 2 - Microverse/to-do-list/src/scripts/components/list/task-list.js": {"path":"/home/gabriel/Module 2 - Microverse/to-do-list/src/scripts/components/list/task-list.js","statementMap":{"0":{"start":{"line":2,"column":13},"end":{"line":2,"column":15}},"1":{"start":{"line":9,"column":14},"end":{"line":11,"column":3}},"2":{"start":{"line":10,"column":4},"end":{"line":10,"column":47}},"3":{"start":{"line":18,"column":19},"end":{"line":20,"column":3}},"4":{"start":{"line":19,"column":4},"end":{"line":19,"column":73}},"5":{"start":{"line":19,"column":51},"end":{"line":19,"column":71}},"6":{"start":{"line":22,"column":22},"end":{"line":24,"column":3}},"7":{"start":{"line":23,"column":4},"end":{"line":23,"column":76}},"8":{"start":{"line":23,"column":51},"end":{"line":23,"column":74}},"9":{"start":{"line":26,"column":30},"end":{"line":29,"column":3}},"10":{"start":{"line":27,"column":4},"end":{"line":27,"column":58}},"11":{"start":{"line":27,"column":33},"end":{"line":27,"column":56}},"12":{"start":{"line":28,"column":4},"end":{"line":28,"column":16}},"13":{"start":{"line":31,"column":15},"end":{"line":34,"column":3}},"14":{"start":{"line":32,"column":22},"end":{"line":32,"column":72}},"15":{"start":{"line":32,"column":51},"end":{"line":32,"column":71}},"16":{"start":{"line":33,"column":4},"end":{"line":33,"column":21}},"17":{"start":{"line":36,"column":13},"end":{"line":49,"column":3}},"18":{"start":{"line":37,"column":14},"end":{"line":37,"column":15}},"19":{"start":{"line":38,"column":4},"end":{"line":40,"column":5}},"20":{"start":{"line":39,"column":6},"end":{"line":39,"column":16}},"21":{"start":{"line":41,"column":20},"end":{"line":46,"column":5}},"22":{"start":{"line":42,"column":6},"end":{"line":44,"column":7}},"23":{"start":{"line":43,"column":8},"end":{"line":43,"column":23}},"24":{"start":{"line":45,"column":6},"end":{"line":45,"column":22}},"25":{"start":{"line":48,"column":4},"end":{"line":48,"column":34}},"26":{"start":{"line":58,"column":16},"end":{"line":61,"column":3}},"27":{"start":{"line":59,"column":18},"end":{"line":59,"column":83}},"28":{"start":{"line":59,"column":50},"end":{"line":59,"column":82}},"29":{"start":{"line":60,"column":4},"end":{"line":60,"column":17}},"30":{"start":{"line":64,"column":4},"end":{"line":64,"column":25}},"31":{"start":{"line":68,"column":17},"end":{"line":68,"column":31}}},"fnMap":{"0":{"name":"(anonymous_0)","decl":{"start":{"line":9,"column":14},"end":{"line":9,"column":15}},"loc":{"start":{"line":9,"column":24},"end":{"line":11,"column":3}},"line":9},"1":{"name":"(anonymous_1)","decl":{"start":{"line":18,"column":19},"end":{"line":18,"column":20}},"loc":{"start":{"line":18,"column":34},"end":{"line":20,"column":3}},"line":18},"2":{"name":"(anonymous_2)","decl":{"start":{"line":19,"column":41},"end":{"line":19,"column":42}},"loc":{"start":{"line":19,"column":51},"end":{"line":19,"column":71}},"line":19},"3":{"name":"(anonymous_3)","decl":{"start":{"line":22,"column":22},"end":{"line":22,"column":23}},"loc":{"start":{"line":22,"column":28},"end":{"line":24,"column":3}},"line":22},"4":{"name":"(anonymous_4)","decl":{"start":{"line":23,"column":41},"end":{"line":23,"column":42}},"loc":{"start":{"line":23,"column":51},"end":{"line":23,"column":74}},"line":23},"5":{"name":"(anonymous_5)","decl":{"start":{"line":26,"column":30},"end":{"line":26,"column":31}},"loc":{"start":{"line":26,"column":40},"end":{"line":29,"column":3}},"line":26},"6":{"name":"(anonymous_6)","decl":{"start":{"line":27,"column":23},"end":{"line":27,"column":24}},"loc":{"start":{"line":27,"column":33},"end":{"line":27,"column":56}},"line":27},"7":{"name":"(anonymous_7)","decl":{"start":{"line":31,"column":15},"end":{"line":31,"column":16}},"loc":{"start":{"line":31,"column":26},"end":{"line":34,"column":3}},"line":31},"8":{"name":"(anonymous_8)","decl":{"start":{"line":32,"column":41},"end":{"line":32,"column":42}},"loc":{"start":{"line":32,"column":51},"end":{"line":32,"column":71}},"line":32},"9":{"name":"(anonymous_9)","decl":{"start":{"line":36,"column":13},"end":{"line":36,"column":14}},"loc":{"start":{"line":36,"column":33},"end":{"line":49,"column":3}},"line":36},"10":{"name":"(anonymous_10)","decl":{"start":{"line":41,"column":20},"end":{"line":41,"column":21}},"loc":{"start":{"line":41,"column":30},"end":{"line":46,"column":5}},"line":41},"11":{"name":"(anonymous_11)","decl":{"start":{"line":58,"column":16},"end":{"line":58,"column":17}},"loc":{"start":{"line":58,"column":32},"end":{"line":61,"column":3}},"line":58},"12":{"name":"(anonymous_12)","decl":{"start":{"line":59,"column":37},"end":{"line":59,"column":38}},"loc":{"start":{"line":59,"column":50},"end":{"line":59,"column":82}},"line":59},"13":{"name":"(anonymous_13)","decl":{"start":{"line":63,"column":2},"end":{"line":63,"column":3}},"loc":{"start":{"line":63,"column":16},"end":{"line":65,"column":3}},"line":63}},"branchMap":{"0":{"loc":{"start":{"line":36,"column":14},"end":{"line":36,"column":28}},"type":"default-arg","locations":[{"start":{"line":36,"column":24},"end":{"line":36,"column":28}}],"line":36},"1":{"loc":{"start":{"line":38,"column":4},"end":{"line":40,"column":5}},"type":"if","locations":[{"start":{"line":38,"column":4},"end":{"line":40,"column":5}},{"start":{"line":38,"column":4},"end":{"line":40,"column":5}}],"line":38},"2":{"loc":{"start":{"line":42,"column":6},"end":{"line":44,"column":7}},"type":"if","locations":[{"start":{"line":42,"column":6},"end":{"line":44,"column":7}},{"start":{"line":42,"column":6},"end":{"line":44,"column":7}}],"line":42}},"s":{"0":3,"1":3,"2":1,"3":3,"4":1,"5":1,"6":3,"7":0,"8":0,"9":3,"10":1,"11":3,"12":1,"13":3,"14":0,"15":0,"16":0,"17":3,"18":0,"19":0,"20":0,"21":0,"22":0,"23":0,"24":0,"25":0,"26":3,"27":0,"28":0,"29":0,"30":2,"31":3},"f":{"0":1,"1":1,"2":1,"3":0,"4":0,"5":1,"6":3,"7":0,"8":0,"9":0,"10":0,"11":0,"12":0,"13":2},"b":{"0":[0],"1":[0,0],"2":[0,0]},"_coverageSchema":"1a1c01bbd47fc00a2c39e90264f33305004495a9","hash":"addb6d9bd2ea324fa5880a2e830d1bbd6f7ea302"}
,"/home/gabriel/Module 2 - Microverse/to-do-list/src/scripts/components/task/task-actions.js": {"path":"/home/gabriel/Module 2 - Microverse/to-do-list/src/scripts/components/task/task-actions.js","statementMap":{"0":{"start":{"line":18,"column":15},"end":{"line":46,"column":3}},"1":{"start":{"line":19,"column":21},"end":{"line":19,"column":76}},"2":{"start":{"line":19,"column":27},"end":{"line":19,"column":76}},"3":{"start":{"line":22,"column":23},"end":{"line":22,"column":94}},"4":{"start":{"line":23,"column":21},"end":{"line":23,"column":89}},"5":{"start":{"line":24,"column":19},"end":{"line":24,"column":58}},"6":{"start":{"line":27,"column":4},"end":{"line":27,"column":61}},"7":{"start":{"line":29,"column":4},"end":{"line":31,"column":6}},"8":{"start":{"line":30,"column":6},"end":{"line":30,"column":38}},"9":{"start":{"line":33,"column":4},"end":{"line":35,"column":40}},"10":{"start":{"line":34,"column":24},"end":{"line":34,"column":60}},"11":{"start":{"line":37,"column":4},"end":{"line":38,"column":41}},"12":{"start":{"line":37,"column":32},"end":{"line":37,"column":65}},"13":{"start":{"line":40,"column":4},"end":{"line":43,"column":20}},"14":{"start":{"line":40,"column":28},"end":{"line":40,"column":72}},"15":{"start":{"line":41,"column":12},"end":{"line":41,"column":79}},"16":{"start":{"line":42,"column":12},"end":{"line":42,"column":46}},"17":{"start":{"line":45,"column":4},"end":{"line":45,"column":81}},"18":{"start":{"line":45,"column":30},"end":{"line":45,"column":59}},"19":{"start":{"line":49,"column":20},"end":{"line":49,"column":36}}},"fnMap":{"0":{"name":"(anonymous_0)","decl":{"start":{"line":18,"column":15},"end":{"line":18,"column":16}},"loc":{"start":{"line":18,"column":57},"end":{"line":46,"column":3}},"line":18},"1":{"name":"(anonymous_1)","decl":{"start":{"line":19,"column":21},"end":{"line":19,"column":22}},"loc":{"start":{"line":19,"column":27},"end":{"line":19,"column":76}},"line":19},"2":{"name":"(anonymous_2)","decl":{"start":{"line":29,"column":48},"end":{"line":29,"column":49}},"loc":{"start":{"line":29,"column":54},"end":{"line":31,"column":5}},"line":29},"3":{"name":"(anonymous_3)","decl":{"start":{"line":34,"column":18},"end":{"line":34,"column":19}},"loc":{"start":{"line":34,"column":24},"end":{"line":34,"column":60}},"line":34},"4":{"name":"(anonymous_4)","decl":{"start":{"line":37,"column":26},"end":{"line":37,"column":27}},"loc":{"start":{"line":37,"column":32},"end":{"line":37,"column":65}},"line":37},"5":{"name":"(anonymous_5)","decl":{"start":{"line":40,"column":22},"end":{"line":40,"column":23}},"loc":{"start":{"line":40,"column":28},"end":{"line":40,"column":72}},"line":40},"6":{"name":"(anonymous_6)","decl":{"start":{"line":41,"column":6},"end":{"line":41,"column":7}},"loc":{"start":{"line":41,"column":12},"end":{"line":41,"column":79}},"line":41},"7":{"name":"(anonymous_7)","decl":{"start":{"line":42,"column":6},"end":{"line":42,"column":7}},"loc":{"start":{"line":42,"column":12},"end":{"line":42,"column":46}},"line":42},"8":{"name":"(anonymous_8)","decl":{"start":{"line":45,"column":24},"end":{"line":45,"column":25}},"loc":{"start":{"line":45,"column":30},"end":{"line":45,"column":59}},"line":45}},"branchMap":{},"s":{"0":1,"1":0,"2":0,"3":0,"4":0,"5":0,"6":0,"7":0,"8":0,"9":0,"10":0,"11":0,"12":0,"13":0,"14":0,"15":0,"16":0,"17":0,"18":0,"19":1},"f":{"0":0,"1":0,"2":0,"3":0,"4":0,"5":0,"6":0,"7":0,"8":0},"b":{},"_coverageSchema":"1a1c01bbd47fc00a2c39e90264f33305004495a9","hash":"5e67f4cd4dbd2d9cfe1a2589291f2c5857c089e6"}
,"/home/gabriel/Module 2 - Microverse/to-do-list/src/scripts/components/task/task-utils.js": {"path":"/home/gabriel/Module 2 - Microverse/to-do-list/src/scripts/components/task/task-utils.js","statementMap":{"0":{"start":{"line":8,"column":16},"end":{"line":8,"column":34}},"1":{"start":{"line":19,"column":9},"end":{"line":19,"column":64}},"2":{"start":{"line":19,"column":17},"end":{"line":19,"column":62}},"3":{"start":{"line":21,"column":9},"end":{"line":21,"column":43}},"4":{"start":{"line":21,"column":17},"end":{"line":21,"column":41}},"5":{"start":{"line":23,"column":9},"end":{"line":45,"column":3}},"6":{"start":{"line":24,"column":4},"end":{"line":24,"column":55}},"7":{"start":{"line":26,"column":4},"end":{"line":26,"column":65}},"8":{"start":{"line":28,"column":4},"end":{"line":28,"column":63}},"9":{"start":{"line":30,"column":4},"end":{"line":30,"column":71}},"10":{"start":{"line":32,"column":4},"end":{"line":37,"column":40}},"11":{"start":{"line":33,"column":24},"end":{"line":33,"column":60}},"12":{"start":{"line":34,"column":24},"end":{"line":34,"column":70}},"13":{"start":{"line":36,"column":24},"end":{"line":36,"column":35}},"14":{"start":{"line":39,"column":4},"end":{"line":39,"column":25}},"15":{"start":{"line":40,"column":4},"end":{"line":44,"column":7}},"16":{"start":{"line":41,"column":6},"end":{"line":41,"column":35}},"17":{"start":{"line":42,"column":6},"end":{"line":42,"column":18}},"18":{"start":{"line":43,"column":6},"end":{"line":43,"column":26}},"19":{"start":{"line":55,"column":22},"end":{"line":63,"column":3}},"20":{"start":{"line":56,"column":18},"end":{"line":56,"column":77}},"21":{"start":{"line":57,"column":4},"end":{"line":57,"column":65}},"22":{"start":{"line":59,"column":17},"end":{"line":59,"column":56}},"23":{"start":{"line":60,"column":4},"end":{"line":60,"column":94}},"24":{"start":{"line":62,"column":4},"end":{"line":62,"column":16}},"25":{"start":{"line":70,"column":25},"end":{"line":75,"column":3}},"26":{"start":{"line":71,"column":4},"end":{"line":71,"column":25}},"27":{"start":{"line":72,"column":4},"end":{"line":74,"column":7}},"28":{"start":{"line":73,"column":6},"end":{"line":73,"column":55}},"29":{"start":{"line":77,"column":18},"end":{"line":81,"column":3}},"30":{"start":{"line":78,"column":4},"end":{"line":80,"column":5}},"31":{"start":{"line":79,"column":6},"end":{"line":79,"column":69}},"32":{"start":{"line":83,"column":17},"end":{"line":86,"column":3}},"33":{"start":{"line":84,"column":4},"end":{"line":84,"column":29}},"34":{"start":{"line":85,"column":4},"end":{"line":85,"column":32}},"35":{"start":{"line":88,"column":18},"end":{"line":97,"column":3}},"36":{"start":{"line":89,"column":21},"end":{"line":89,"column":44}},"37":{"start":{"line":91,"column":4},"end":{"line":95,"column":5}},"38":{"start":{"line":92,"column":6},"end":{"line":94,"column":9}},"39":{"start":{"line":93,"column":8},"end":{"line":93,"column":86}},"40":{"start":{"line":96,"column":4},"end":{"line":96,"column":32}},"41":{"start":{"line":99,"column":12},"end":{"line":101,"column":3}},"42":{"start":{"line":100,"column":4},"end":{"line":100,"column":31}},"43":{"start":{"line":103,"column":21},"end":{"line":106,"column":3}},"44":{"start":{"line":104,"column":4},"end":{"line":104,"column":39}},"45":{"start":{"line":105,"column":4},"end":{"line":105,"column":92}},"46":{"start":{"line":108,"column":23},"end":{"line":110,"column":3}},"47":{"start":{"line":109,"column":4},"end":{"line":109,"column":39}}},"fnMap":{"0":{"name":"(anonymous_0)","decl":{"start":{"line":19,"column":9},"end":{"line":19,"column":10}},"loc":{"start":{"line":19,"column":15},"end":{"line":19,"column":64}},"line":19},"1":{"name":"(anonymous_1)","decl":{"start":{"line":21,"column":9},"end":{"line":21,"column":10}},"loc":{"start":{"line":21,"column":15},"end":{"line":21,"column":43}},"line":21},"2":{"name":"(anonymous_2)","decl":{"start":{"line":23,"column":9},"end":{"line":23,"column":10}},"loc":{"start":{"line":23,"column":15},"end":{"line":45,"column":3}},"line":23},"3":{"name":"(anonymous_3)","decl":{"start":{"line":33,"column":18},"end":{"line":33,"column":19}},"loc":{"start":{"line":33,"column":24},"end":{"line":33,"column":60}},"line":33},"4":{"name":"(anonymous_4)","decl":{"start":{"line":34,"column":18},"end":{"line":34,"column":19}},"loc":{"start":{"line":34,"column":24},"end":{"line":34,"column":70}},"line":34},"5":{"name":"(anonymous_5)","decl":{"start":{"line":36,"column":18},"end":{"line":36,"column":19}},"loc":{"start":{"line":36,"column":24},"end":{"line":36,"column":35}},"line":36},"6":{"name":"(anonymous_6)","decl":{"start":{"line":40,"column":42},"end":{"line":40,"column":43}},"loc":{"start":{"line":40,"column":48},"end":{"line":44,"column":5}},"line":40},"7":{"name":"(anonymous_7)","decl":{"start":{"line":55,"column":22},"end":{"line":55,"column":23}},"loc":{"start":{"line":55,"column":73},"end":{"line":63,"column":3}},"line":55},"8":{"name":"(anonymous_8)","decl":{"start":{"line":70,"column":25},"end":{"line":70,"column":26}},"loc":{"start":{"line":70,"column":31},"end":{"line":75,"column":3}},"line":70},"9":{"name":"(anonymous_9)","decl":{"start":{"line":72,"column":29},"end":{"line":72,"column":30}},"loc":{"start":{"line":72,"column":39},"end":{"line":74,"column":5}},"line":72},"10":{"name":"(anonymous_10)","decl":{"start":{"line":77,"column":18},"end":{"line":77,"column":19}},"loc":{"start":{"line":77,"column":24},"end":{"line":81,"column":3}},"line":77},"11":{"name":"(anonymous_11)","decl":{"start":{"line":83,"column":17},"end":{"line":83,"column":18}},"loc":{"start":{"line":83,"column":23},"end":{"line":86,"column":3}},"line":83},"12":{"name":"(anonymous_12)","decl":{"start":{"line":88,"column":18},"end":{"line":88,"column":19}},"loc":{"start":{"line":88,"column":24},"end":{"line":97,"column":3}},"line":88},"13":{"name":"(anonymous_13)","decl":{"start":{"line":92,"column":23},"end":{"line":92,"column":24}},"loc":{"start":{"line":92,"column":62},"end":{"line":94,"column":7}},"line":92},"14":{"name":"(anonymous_14)","decl":{"start":{"line":99,"column":12},"end":{"line":99,"column":13}},"loc":{"start":{"line":99,"column":26},"end":{"line":101,"column":3}},"line":99},"15":{"name":"(anonymous_15)","decl":{"start":{"line":103,"column":21},"end":{"line":103,"column":22}},"loc":{"start":{"line":103,"column":39},"end":{"line":106,"column":3}},"line":103},"16":{"name":"(anonymous_16)","decl":{"start":{"line":108,"column":23},"end":{"line":108,"column":24}},"loc":{"start":{"line":108,"column":41},"end":{"line":110,"column":3}},"line":108}},"branchMap":{"0":{"loc":{"start":{"line":55,"column":25},"end":{"line":55,"column":55}},"type":"default-arg","locations":[{"start":{"line":55,"column":39},"end":{"line":55,"column":55}}],"line":55},"1":{"loc":{"start":{"line":91,"column":4},"end":{"line":95,"column":5}},"type":"if","locations":[{"start":{"line":91,"column":4},"end":{"line":95,"column":5}},{"start":{"line":91,"column":4},"end":{"line":95,"column":5}}],"line":91},"2":{"loc":{"start":{"line":91,"column":8},"end":{"line":91,"column":48}},"type":"binary-expr","locations":[{"start":{"line":91,"column":8},"end":{"line":91,"column":25}},{"start":{"line":91,"column":29},"end":{"line":91,"column":48}}],"line":91}},"s":{"0":1,"1":1,"2":0,"3":1,"4":0,"5":1,"6":0,"7":0,"8":0,"9":0,"10":0,"11":0,"12":0,"13":0,"14":0,"15":0,"16":0,"17":0,"18":0,"19":1,"20":0,"21":0,"22":0,"23":0,"24":0,"25":1,"26":0,"27":0,"28":0,"29":1,"30":0,"31":0,"32":1,"33":0,"34":0,"35":1,"36":0,"37":0,"38":0,"39":0,"40":0,"41":1,"42":0,"43":1,"44":2,"45":2,"46":1,"47":1},"f":{"0":0,"1":0,"2":0,"3":0,"4":0,"5":0,"6":0,"7":0,"8":0,"9":0,"10":0,"11":0,"12":0,"13":0,"14":0,"15":2,"16":1},"b":{"0":[0],"1":[0,0],"2":[0,0]},"_coverageSchema":"1a1c01bbd47fc00a2c39e90264f33305004495a9","hash":"42eaf4e256891dd3d10433d040d20ba955e9881e"}
,"/home/gabriel/Module 2 - Microverse/to-do-list/src/scripts/components/task/task.js": {"path":"/home/gabriel/Module 2 - Microverse/to-do-list/src/scripts/components/task/task.js","statementMap":{"0":{"start":{"line":12,"column":4},"end":{"line":12,"column":23}},"1":{"start":{"line":13,"column":4},"end":{"line":13,"column":35}},"2":{"start":{"line":14,"column":4},"end":{"line":14,"column":31}},"3":{"start":{"line":15,"column":4},"end":{"line":15,"column":31}},"4":{"start":{"line":18,"column":17},"end":{"line":18,"column":30}},"5":{"start":{"line":20,"column":19},"end":{"line":22,"column":3}},"6":{"start":{"line":21,"column":4},"end":{"line":21,"column":37}},"7":{"start":{"line":24,"column":22},"end":{"line":26,"column":3}},"8":{"start":{"line":25,"column":4},"end":{"line":25,"column":28}},"9":{"start":{"line":28,"column":16},"end":{"line":30,"column":3}},"10":{"start":{"line":29,"column":4},"end":{"line":29,"column":26}},"11":{"start":{"line":33,"column":4},"end":{"line":38,"column":6}}},"fnMap":{"0":{"name":"(anonymous_0)","decl":{"start":{"line":11,"column":2},"end":{"line":11,"column":3}},"loc":{"start":{"line":11,"column":75},"end":{"line":16,"column":3}},"line":11},"1":{"name":"(anonymous_1)","decl":{"start":{"line":20,"column":19},"end":{"line":20,"column":20}},"loc":{"start":{"line":20,"column":25},"end":{"line":22,"column":3}},"line":20},"2":{"name":"(anonymous_2)","decl":{"start":{"line":24,"column":22},"end":{"line":24,"column":23}},"loc":{"start":{"line":24,"column":32},"end":{"line":26,"column":3}},"line":24},"3":{"name":"(anonymous_3)","decl":{"start":{"line":28,"column":16},"end":{"line":28,"column":17}},"loc":{"start":{"line":28,"column":30},"end":{"line":30,"column":3}},"line":28},"4":{"name":"(anonymous_4)","decl":{"start":{"line":32,"column":2},"end":{"line":32,"column":3}},"loc":{"start":{"line":32,"column":13},"end":{"line":39,"column":3}},"line":32}},"branchMap":{"0":{"loc":{"start":{"line":11,"column":27},"end":{"line":11,"column":43}},"type":"default-arg","locations":[{"start":{"line":11,"column":39},"end":{"line":11,"column":43}}],"line":11},"1":{"loc":{"start":{"line":11,"column":45},"end":{"line":11,"column":62}},"type":"default-arg","locations":[{"start":{"line":11,"column":57},"end":{"line":11,"column":62}}],"line":11},"2":{"loc":{"start":{"line":11,"column":64},"end":{"line":11,"column":73}},"type":"default-arg","locations":[{"start":{"line":11,"column":72},"end":{"line":11,"column":73}}],"line":11}},"s":{"0":11,"1":11,"2":11,"3":11,"4":11,"5":11,"6":1,"7":11,"8":1,"9":11,"10":3,"11":2},"f":{"0":11,"1":1,"2":1,"3":3,"4":2},"b":{"0":[0],"1":[0],"2":[0]},"_coverageSchema":"1a1c01bbd47fc00a2c39e90264f33305004495a9","hash":"1bdc5ca74e74207678cf503d2d6ba1592424def0"}
,"/home/gabriel/Module 2 - Microverse/to-do-list/src/scripts/components/user-interface/user-interface.js": {"path":"/home/gabriel/Module 2 - Microverse/to-do-list/src/scripts/components/user-interface/user-interface.js","statementMap":{"0":{"start":{"line":2,"column":13},"end":{"line":2,"column":49}},"1":{"start":{"line":4,"column":15},"end":{"line":4,"column":52}},"2":{"start":{"line":6,"column":20},"end":{"line":8,"column":3}},"3":{"start":{"line":7,"column":4},"end":{"line":7,"column":31}},"4":{"start":{"line":10,"column":27},"end":{"line":13,"column":3}},"5":{"start":{"line":11,"column":4},"end":{"line":11,"column":59}},"6":{"start":{"line":12,"column":4},"end":{"line":12,"column":71}},"7":{"start":{"line":15,"column":20},"end":{"line":18,"column":3}},"8":{"start":{"line":16,"column":4},"end":{"line":16,"column":30}},"9":{"start":{"line":17,"column":4},"end":{"line":17,"column":30}},"10":{"start":{"line":20,"column":15},"end":{"line":25,"column":3}},"11":{"start":{"line":21,"column":23},"end":{"line":21,"column":62}},"12":{"start":{"line":22,"column":4},"end":{"line":24,"column":7}},"13":{"start":{"line":23,"column":6},"end":{"line":23,"column":42}},"14":{"start":{"line":27,"column":15},"end":{"line":29,"column":3}},"15":{"start":{"line":28,"column":4},"end":{"line":28,"column":38}},"16":{"start":{"line":31,"column":19},"end":{"line":33,"column":3}},"17":{"start":{"line":32,"column":4},"end":{"line":32,"column":75}},"18":{"start":{"line":35,"column":20},"end":{"line":41,"column":3}},"19":{"start":{"line":36,"column":4},"end":{"line":40,"column":7}},"20":{"start":{"line":37,"column":6},"end":{"line":37,"column":71}},"21":{"start":{"line":38,"column":6},"end":{"line":38,"column":88}},"22":{"start":{"line":39,"column":6},"end":{"line":39,"column":49}},"23":{"start":{"line":50,"column":35},"end":{"line":58,"column":3}},"24":{"start":{"line":51,"column":4},"end":{"line":57,"column":7}},"25":{"start":{"line":52,"column":6},"end":{"line":56,"column":7}},"26":{"start":{"line":53,"column":8},"end":{"line":53,"column":73}},"27":{"start":{"line":54,"column":8},"end":{"line":54,"column":90}},"28":{"start":{"line":55,"column":8},"end":{"line":55,"column":51}},"29":{"start":{"line":61,"column":11},"end":{"line":61,"column":30}}},"fnMap":{"0":{"name":"(anonymous_0)","decl":{"start":{"line":6,"column":20},"end":{"line":6,"column":21}},"loc":{"start":{"line":6,"column":26},"end":{"line":8,"column":3}},"line":6},"1":{"name":"(anonymous_1)","decl":{"start":{"line":10,"column":27},"end":{"line":10,"column":28}},"loc":{"start":{"line":10,"column":68},"end":{"line":13,"column":3}},"line":10},"2":{"name":"(anonymous_2)","decl":{"start":{"line":15,"column":20},"end":{"line":15,"column":21}},"loc":{"start":{"line":15,"column":34},"end":{"line":18,"column":3}},"line":15},"3":{"name":"(anonymous_3)","decl":{"start":{"line":20,"column":15},"end":{"line":20,"column":16}},"loc":{"start":{"line":20,"column":29},"end":{"line":25,"column":3}},"line":20},"4":{"name":"(anonymous_4)","decl":{"start":{"line":22,"column":39},"end":{"line":22,"column":40}},"loc":{"start":{"line":22,"column":52},"end":{"line":24,"column":5}},"line":22},"5":{"name":"(anonymous_5)","decl":{"start":{"line":27,"column":15},"end":{"line":27,"column":16}},"loc":{"start":{"line":27,"column":29},"end":{"line":29,"column":3}},"line":27},"6":{"name":"(anonymous_6)","decl":{"start":{"line":31,"column":19},"end":{"line":31,"column":20}},"loc":{"start":{"line":31,"column":32},"end":{"line":33,"column":3}},"line":31},"7":{"name":"(anonymous_7)","decl":{"start":{"line":35,"column":20},"end":{"line":35,"column":21}},"loc":{"start":{"line":35,"column":30},"end":{"line":41,"column":3}},"line":35},"8":{"name":"(anonymous_8)","decl":{"start":{"line":36,"column":17},"end":{"line":36,"column":18}},"loc":{"start":{"line":36,"column":30},"end":{"line":40,"column":5}},"line":36},"9":{"name":"(anonymous_9)","decl":{"start":{"line":50,"column":35},"end":{"line":50,"column":36}},"loc":{"start":{"line":50,"column":54},"end":{"line":58,"column":3}},"line":50},"10":{"name":"(anonymous_10)","decl":{"start":{"line":51,"column":17},"end":{"line":51,"column":18}},"loc":{"start":{"line":51,"column":30},"end":{"line":57,"column":5}},"line":51}},"branchMap":{"0":{"loc":{"start":{"line":52,"column":6},"end":{"line":56,"column":7}},"type":"if","locations":[{"start":{"line":52,"column":6},"end":{"line":56,"column":7}},{"start":{"line":52,"column":6},"end":{"line":56,"column":7}}],"line":52}},"s":{"0":1,"1":1,"2":1,"3":0,"4":1,"5":0,"6":0,"7":1,"8":0,"9":0,"10":1,"11":0,"12":0,"13":0,"14":1,"15":0,"16":1,"17":0,"18":1,"19":0,"20":0,"21":0,"22":0,"23":1,"24":0,"25":0,"26":0,"27":0,"28":0,"29":1},"f":{"0":0,"1":0,"2":0,"3":0,"4":0,"5":0,"6":0,"7":0,"8":0,"9":0,"10":0},"b":{"0":[0,0]},"_coverageSchema":"1a1c01bbd47fc00a2c39e90264f33305004495a9","hash":"2312ff20f2b567703be0623ee5f1ba9f5acefa45"}
,"/home/gabriel/Module 2 - Microverse/to-do-list/src/scripts/components/utils/actions.js": {"path":"/home/gabriel/Module 2 - Microverse/to-do-list/src/scripts/components/utils/actions.js","statementMap":{"0":{"start":{"line":13,"column":12},"end":{"line":13,"column":14}},"1":{"start":{"line":15,"column":15},"end":{"line":19,"column":3}},"2":{"start":{"line":16,"column":4},"end":{"line":18,"column":7}},"3":{"start":{"line":17,"column":6},"end":{"line":17,"column":32}},"4":{"start":{"line":21,"column":13},"end":{"line":27,"column":3}},"5":{"start":{"line":22,"column":18},"end":{"line":22,"column":66}},"6":{"start":{"line":22,"column":48},"end":{"line":22,"column":65}},"7":{"start":{"line":23,"column":4},"end":{"line":25,"column":5}},"8":{"start":{"line":24,"column":6},"end":{"line":24,"column":18}},"9":{"start":{"line":26,"column":4},"end":{"line":26,"column":17}},"10":{"start":{"line":29,"column":17},"end":{"line":31,"column":3}},"11":{"start":{"line":30,"column":4},"end":{"line":30,"column":64}},"12":{"start":{"line":30,"column":48},"end":{"line":30,"column":62}},"13":{"start":{"line":33,"column":14},"end":{"line":37,"column":3}},"14":{"start":{"line":34,"column":4},"end":{"line":36,"column":7}},"15":{"start":{"line":35,"column":6},"end":{"line":35,"column":22}}},"fnMap":{"0":{"name":"(anonymous_0)","decl":{"start":{"line":15,"column":15},"end":{"line":15,"column":16}},"loc":{"start":{"line":15,"column":33},"end":{"line":19,"column":3}},"line":15},"1":{"name":"(anonymous_1)","decl":{"start":{"line":16,"column":22},"end":{"line":16,"column":23}},"loc":{"start":{"line":16,"column":34},"end":{"line":18,"column":5}},"line":16},"2":{"name":"(anonymous_2)","decl":{"start":{"line":21,"column":13},"end":{"line":21,"column":14}},"loc":{"start":{"line":21,"column":25},"end":{"line":27,"column":3}},"line":21},"3":{"name":"(anonymous_3)","decl":{"start":{"line":22,"column":36},"end":{"line":22,"column":37}},"loc":{"start":{"line":22,"column":48},"end":{"line":22,"column":65}},"line":22},"4":{"name":"(anonymous_4)","decl":{"start":{"line":29,"column":17},"end":{"line":29,"column":18}},"loc":{"start":{"line":29,"column":29},"end":{"line":31,"column":3}},"line":29},"5":{"name":"(anonymous_5)","decl":{"start":{"line":30,"column":39},"end":{"line":30,"column":40}},"loc":{"start":{"line":30,"column":48},"end":{"line":30,"column":62}},"line":30},"6":{"name":"(anonymous_6)","decl":{"start":{"line":33,"column":14},"end":{"line":33,"column":15}},"loc":{"start":{"line":33,"column":29},"end":{"line":37,"column":3}},"line":33},"7":{"name":"(anonymous_7)","decl":{"start":{"line":34,"column":25},"end":{"line":34,"column":26}},"loc":{"start":{"line":34,"column":39},"end":{"line":36,"column":5}},"line":34}},"branchMap":{"0":{"loc":{"start":{"line":23,"column":4},"end":{"line":25,"column":5}},"type":"if","locations":[{"start":{"line":23,"column":4},"end":{"line":25,"column":5}},{"start":{"line":23,"column":4},"end":{"line":25,"column":5}}],"line":23}},"s":{"0":11,"1":11,"2":0,"3":0,"4":11,"5":0,"6":0,"7":0,"8":0,"9":0,"10":11,"11":0,"12":0,"13":11,"14":0,"15":0},"f":{"0":0,"1":0,"2":0,"3":0,"4":0,"5":0,"6":0,"7":0},"b":{"0":[0,0]},"_coverageSchema":"1a1c01bbd47fc00a2c39e90264f33305004495a9","hash":"b7dbf2b345cdc377d6a6c9c15959aa3341bf9f58"}
,"/home/gabriel/Module 2 - Microverse/to-do-list/src/scripts/components/utils/customListener.js": {"path":"/home/gabriel/Module 2 - Microverse/to-do-list/src/scripts/components/utils/customListener.js","statementMap":{"0":{"start":{"line":12,"column":4},"end":{"line":12,"column":12}},"1":{"start":{"line":13,"column":4},"end":{"line":13,"column":31}},"2":{"start":{"line":14,"column":4},"end":{"line":14,"column":35}},"3":{"start":{"line":16,"column":4},"end":{"line":18,"column":7}},"4":{"start":{"line":17,"column":6},"end":{"line":17,"column":25}}},"fnMap":{"0":{"name":"(anonymous_0)","decl":{"start":{"line":11,"column":2},"end":{"line":11,"column":3}},"loc":{"start":{"line":11,"column":38},"end":{"line":19,"column":3}},"line":11},"1":{"name":"(anonymous_1)","decl":{"start":{"line":16,"column":54},"end":{"line":16,"column":55}},"loc":{"start":{"line":16,"column":60},"end":{"line":18,"column":5}},"line":16}},"branchMap":{},"s":{"0":0,"1":0,"2":0,"3":0,"4":0},"f":{"0":0,"1":0},"b":{},"_coverageSchema":"1a1c01bbd47fc00a2c39e90264f33305004495a9","hash":"492bcf9dc5906eda3e5a40f8ec7bb131253710ec"}
,"/home/gabriel/Module 2 - Microverse/to-do-list/src/scripts/components/utils/draggable.js": {"path":"/home/gabriel/Module 2 - Microverse/to-do-list/src/scripts/components/utils/draggable.js","statementMap":{"0":{"start":{"line":11,"column":19},"end":{"line":11,"column":55}},"1":{"start":{"line":27,"column":18},"end":{"line":44,"column":3}},"2":{"start":{"line":28,"column":4},"end":{"line":28,"column":39}},"3":{"start":{"line":29,"column":4},"end":{"line":29,"column":31}},"4":{"start":{"line":30,"column":4},"end":{"line":33,"column":7}},"5":{"start":{"line":31,"column":6},"end":{"line":31,"column":26}},"6":{"start":{"line":32,"column":6},"end":{"line":32,"column":28}},"7":{"start":{"line":34,"column":4},"end":{"line":34,"column":60}},"8":{"start":{"line":35,"column":4},"end":{"line":35,"column":58}},"9":{"start":{"line":36,"column":4},"end":{"line":36,"column":60}},"10":{"start":{"line":37,"column":4},"end":{"line":37,"column":54}},"11":{"start":{"line":38,"column":4},"end":{"line":43,"column":7}},"12":{"start":{"line":39,"column":6},"end":{"line":39,"column":23}},"13":{"start":{"line":40,"column":6},"end":{"line":42,"column":9}},"14":{"start":{"line":41,"column":8},"end":{"line":41,"column":26}},"15":{"start":{"line":46,"column":16},"end":{"line":51,"column":3}},"16":{"start":{"line":47,"column":4},"end":{"line":47,"column":59}},"17":{"start":{"line":48,"column":4},"end":{"line":48,"column":67}},"18":{"start":{"line":49,"column":4},"end":{"line":49,"column":39}},"19":{"start":{"line":50,"column":4},"end":{"line":50,"column":46}},"20":{"start":{"line":53,"column":16},"end":{"line":57,"column":3}},"21":{"start":{"line":54,"column":4},"end":{"line":56,"column":5}},"22":{"start":{"line":55,"column":6},"end":{"line":55,"column":128}},"23":{"start":{"line":59,"column":15},"end":{"line":66,"column":3}},"24":{"start":{"line":60,"column":4},"end":{"line":62,"column":5}},"25":{"start":{"line":61,"column":6},"end":{"line":61,"column":41}},"26":{"start":{"line":63,"column":4},"end":{"line":63,"column":27}},"27":{"start":{"line":64,"column":4},"end":{"line":64,"column":43}},"28":{"start":{"line":65,"column":4},"end":{"line":65,"column":17}},"29":{"start":{"line":68,"column":16},"end":{"line":72,"column":3}},"30":{"start":{"line":69,"column":4},"end":{"line":71,"column":5}},"31":{"start":{"line":70,"column":6},"end":{"line":70,"column":44}},"32":{"start":{"line":74,"column":15},"end":{"line":81,"column":3}},"33":{"start":{"line":75,"column":4},"end":{"line":80,"column":5}},"34":{"start":{"line":76,"column":6},"end":{"line":76,"column":59}},"35":{"start":{"line":77,"column":19},"end":{"line":77,"column":42}},"36":{"start":{"line":78,"column":6},"end":{"line":78,"column":60}},"37":{"start":{"line":79,"column":6},"end":{"line":79,"column":41}},"38":{"start":{"line":83,"column":14},"end":{"line":88,"column":3}},"39":{"start":{"line":84,"column":4},"end":{"line":86,"column":5}},"40":{"start":{"line":85,"column":6},"end":{"line":85,"column":65}},"41":{"start":{"line":87,"column":4},"end":{"line":87,"column":73}},"42":{"start":{"line":90,"column":23},"end":{"line":95,"column":3}},"43":{"start":{"line":91,"column":4},"end":{"line":93,"column":5}},"44":{"start":{"line":92,"column":6},"end":{"line":92,"column":18}},"45":{"start":{"line":94,"column":4},"end":{"line":94,"column":17}},"46":{"start":{"line":98,"column":18},"end":{"line":98,"column":33}}},"fnMap":{"0":{"name":"(anonymous_0)","decl":{"start":{"line":27,"column":18},"end":{"line":27,"column":19}},"loc":{"start":{"line":27,"column":43},"end":{"line":44,"column":3}},"line":27},"1":{"name":"(anonymous_1)","decl":{"start":{"line":30,"column":42},"end":{"line":30,"column":43}},"loc":{"start":{"line":30,"column":49},"end":{"line":33,"column":5}},"line":30},"2":{"name":"(anonymous_2)","decl":{"start":{"line":38,"column":40},"end":{"line":38,"column":41}},"loc":{"start":{"line":38,"column":46},"end":{"line":43,"column":5}},"line":38},"3":{"name":"(anonymous_3)","decl":{"start":{"line":40,"column":22},"end":{"line":40,"column":23}},"loc":{"start":{"line":40,"column":34},"end":{"line":42,"column":7}},"line":40},"4":{"name":"(anonymous_4)","decl":{"start":{"line":46,"column":16},"end":{"line":46,"column":17}},"loc":{"start":{"line":46,"column":27},"end":{"line":51,"column":3}},"line":46},"5":{"name":"(anonymous_5)","decl":{"start":{"line":53,"column":16},"end":{"line":53,"column":17}},"loc":{"start":{"line":53,"column":27},"end":{"line":57,"column":3}},"line":53},"6":{"name":"(anonymous_6)","decl":{"start":{"line":59,"column":15},"end":{"line":59,"column":16}},"loc":{"start":{"line":59,"column":26},"end":{"line":66,"column":3}},"line":59},"7":{"name":"(anonymous_7)","decl":{"start":{"line":68,"column":16},"end":{"line":68,"column":17}},"loc":{"start":{"line":68,"column":27},"end":{"line":72,"column":3}},"line":68},"8":{"name":"(anonymous_8)","decl":{"start":{"line":74,"column":15},"end":{"line":74,"column":16}},"loc":{"start":{"line":74,"column":26},"end":{"line":81,"column":3}},"line":74},"9":{"name":"(anonymous_9)","decl":{"start":{"line":83,"column":14},"end":{"line":83,"column":15}},"loc":{"start":{"line":83,"column":20},"end":{"line":88,"column":3}},"line":83},"10":{"name":"(anonymous_10)","decl":{"start":{"line":90,"column":23},"end":{"line":90,"column":24}},"loc":{"start":{"line":90,"column":36},"end":{"line":95,"column":3}},"line":90}},"branchMap":{"0":{"loc":{"start":{"line":54,"column":4},"end":{"line":56,"column":5}},"type":"if","locations":[{"start":{"line":54,"column":4},"end":{"line":56,"column":5}},{"start":{"line":54,"column":4},"end":{"line":56,"column":5}}],"line":54},"1":{"loc":{"start":{"line":60,"column":4},"end":{"line":62,"column":5}},"type":"if","locations":[{"start":{"line":60,"column":4},"end":{"line":62,"column":5}},{"start":{"line":60,"column":4},"end":{"line":62,"column":5}}],"line":60},"2":{"loc":{"start":{"line":69,"column":4},"end":{"line":71,"column":5}},"type":"if","locations":[{"start":{"line":69,"column":4},"end":{"line":71,"column":5}},{"start":{"line":69,"column":4},"end":{"line":71,"column":5}}],"line":69},"3":{"loc":{"start":{"line":75,"column":4},"end":{"line":80,"column":5}},"type":"if","locations":[{"start":{"line":75,"column":4},"end":{"line":80,"column":5}},{"start":{"line":75,"column":4},"end":{"line":80,"column":5}}],"line":75},"4":{"loc":{"start":{"line":84,"column":4},"end":{"line":86,"column":5}},"type":"if","locations":[{"start":{"line":84,"column":4},"end":{"line":86,"column":5}},{"start":{"line":84,"column":4},"end":{"line":86,"column":5}}],"line":84},"5":{"loc":{"start":{"line":91,"column":4},"end":{"line":93,"column":5}},"type":"if","locations":[{"start":{"line":91,"column":4},"end":{"line":93,"column":5}},{"start":{"line":91,"column":4},"end":{"line":93,"column":5}}],"line":91}},"s":{"0":1,"1":1,"2":0,"3":0,"4":0,"5":0,"6":0,"7":0,"8":0,"9":0,"10":0,"11":0,"12":0,"13":0,"14":0,"15":1,"16":0,"17":0,"18":0,"19":0,"20":1,"21":0,"22":0,"23":1,"24":0,"25":0,"26":0,"27":0,"28":0,"29":1,"30":0,"31":0,"32":1,"33":0,"34":0,"35":0,"36":0,"37":0,"38":1,"39":0,"40":0,"41":0,"42":1,"43":0,"44":0,"45":0,"46":1},"f":{"0":0,"1":0,"2":0,"3":0,"4":0,"5":0,"6":0,"7":0,"8":0,"9":0,"10":0},"b":{"0":[0,0],"1":[0,0],"2":[0,0],"3":[0,0],"4":[0,0],"5":[0,0]},"_coverageSchema":"1a1c01bbd47fc00a2c39e90264f33305004495a9","hash":"ddb19b714837c9b950c977c5dcd75d8c6dee7b1f"}
,"/home/gabriel/Module 2 - Microverse/to-do-list/src/scripts/components/utils/listeners.js": {"path":"/home/gabriel/Module 2 - Microverse/to-do-list/src/scripts/components/utils/listeners.js","statementMap":{"0":{"start":{"line":8,"column":19},"end":{"line":14,"column":3}},"1":{"start":{"line":9,"column":4},"end":{"line":13,"column":7}},"2":{"start":{"line":10,"column":6},"end":{"line":12,"column":7}},"3":{"start":{"line":11,"column":8},"end":{"line":11,"column":44}},"4":{"start":{"line":16,"column":23},"end":{"line":20,"column":3}},"5":{"start":{"line":17,"column":4},"end":{"line":19,"column":7}},"6":{"start":{"line":18,"column":6},"end":{"line":18,"column":36}},"7":{"start":{"line":23,"column":17},"end":{"line":23,"column":32}}},"fnMap":{"0":{"name":"(anonymous_0)","decl":{"start":{"line":8,"column":19},"end":{"line":8,"column":20}},"loc":{"start":{"line":8,"column":48},"end":{"line":14,"column":3}},"line":8},"1":{"name":"(anonymous_1)","decl":{"start":{"line":9,"column":44},"end":{"line":9,"column":45}},"loc":{"start":{"line":9,"column":51},"end":{"line":13,"column":5}},"line":9},"2":{"name":"(anonymous_2)","decl":{"start":{"line":16,"column":23},"end":{"line":16,"column":24}},"loc":{"start":{"line":16,"column":39},"end":{"line":20,"column":3}},"line":16},"3":{"name":"(anonymous_3)","decl":{"start":{"line":17,"column":20},"end":{"line":17,"column":21}},"loc":{"start":{"line":17,"column":32},"end":{"line":19,"column":5}},"line":17}},"branchMap":{"0":{"loc":{"start":{"line":10,"column":6},"end":{"line":12,"column":7}},"type":"if","locations":[{"start":{"line":10,"column":6},"end":{"line":12,"column":7}},{"start":{"line":10,"column":6},"end":{"line":12,"column":7}}],"line":10}},"s":{"0":1,"1":0,"2":0,"3":0,"4":1,"5":0,"6":0,"7":1},"f":{"0":0,"1":0,"2":0,"3":0},"b":{"0":[0,0]},"_coverageSchema":"1a1c01bbd47fc00a2c39e90264f33305004495a9","hash":"541462b3e778a56bbcb5d9196d8a81754c072f93"}
,"/home/gabriel/Module 2 - Microverse/to-do-list/src/scripts/components/utils/localStorage.js": {"path":"/home/gabriel/Module 2 - Microverse/to-do-list/src/scripts/components/utils/localStorage.js","statementMap":{"0":{"start":{"line":7,"column":13},"end":{"line":10,"column":3}},"1":{"start":{"line":8,"column":4},"end":{"line":8,"column":32}},"2":{"start":{"line":9,"column":4},"end":{"line":9,"column":66}},"3":{"start":{"line":17,"column":18},"end":{"line":23,"column":3}},"4":{"start":{"line":18,"column":4},"end":{"line":21,"column":5}},"5":{"start":{"line":19,"column":25},"end":{"line":19,"column":76}},"6":{"start":{"line":20,"column":6},"end":{"line":20,"column":24}},"7":{"start":{"line":22,"column":4},"end":{"line":22,"column":16}}},"fnMap":{"0":{"name":"(anonymous_0)","decl":{"start":{"line":7,"column":13},"end":{"line":7,"column":14}},"loc":{"start":{"line":7,"column":27},"end":{"line":10,"column":3}},"line":7},"1":{"name":"(anonymous_1)","decl":{"start":{"line":17,"column":18},"end":{"line":17,"column":19}},"loc":{"start":{"line":17,"column":24},"end":{"line":23,"column":3}},"line":17}},"branchMap":{"0":{"loc":{"start":{"line":18,"column":4},"end":{"line":21,"column":5}},"type":"if","locations":[{"start":{"line":18,"column":4},"end":{"line":21,"column":5}},{"start":{"line":18,"column":4},"end":{"line":21,"column":5}}],"line":18}},"s":{"0":1,"1":0,"2":0,"3":1,"4":0,"5":0,"6":0,"7":0},"f":{"0":0,"1":0},"b":{"0":[0,0]},"_coverageSchema":"1a1c01bbd47fc00a2c39e90264f33305004495a9","hash":"1c8bfc0ee0dceda4d1bbd718f47ec9b3b2d1560b"}
}
